<?xml version="1.0" encoding="UTF-8"?>
<!-- Generated by org.testng.reporters.JUnitReportReporter -->
<testsuite hostname="DESKTOP-LLLGMOJ" failures="0" tests="1" name="day1.apisession1.Example2" time="0.052" errors="0" timestamp="2025-08-16T07:46:18 IST" skipped="0">
  <testcase classname="day1.apisession1.Example2" name="sampleJsonArray2" time="0.052"/>
</testsuite> <!-- day1.apisession1.Example2 -->
