<?xml version="1.0" encoding="UTF-8"?>
<!-- Generated by org.testng.reporters.JUnitReportReporter -->
<testsuite hostname="DESKTOP-LLLGMOJ" failures="0" tests="1" name="day2.jsonAndSerializationPojo.Example5" time="4.405" errors="0" timestamp="2025-08-17T08:24:43 IST" skipped="0">
  <testcase classname="day2.jsonAndSerializationPojo.Example5" name="updateUserDetails" time="4.405"/>
</testsuite> <!-- day2.jsonAndSerializationPojo.Example5 -->
