<?xml version="1.0" encoding="UTF-8"?>
<!-- Generated by org.testng.reporters.JUnitReportReporter -->
<testsuite hostname="DESKTOP-LLLGMOJ" failures="0" tests="1" name="day1.apisession1.Example3" time="0.032" errors="0" timestamp="2025-08-16T07:59:14 IST" skipped="0">
  <testcase classname="day1.apisession1.Example3" name="jsonReaders" time="0.032"/>
</testsuite> <!-- day1.apisession1.Example3 -->
