<?xml version="1.0" encoding="UTF-8"?>
<!-- Generated by org.testng.reporters.JUnitReportReporter -->
<testsuite hostname="DESKTOP-LLLGMOJ" failures="0" tests="3" name="day11.testngexamples.TricentisShoppinhSite" time="13.373" errors="0" timestamp="2025-07-19T08:34:33 IST" skipped="1">
  <testcase classname="day11.testngexamples.TricentisShoppinhSite" name="loginPageObjectValidateWithAssert" time="5.477"/>
  <testcase classname="day11.testngexamples.TricentisShoppinhSite" name="loginIntoTricentisValidateWithAssert" time="7.896"/>
  <testcase classname="day11.testngexamples.TricentisShoppinhSite" name="loginIntoTricentis">
    <skipped/>
  </testcase> <!-- loginIntoTricentis -->
</testsuite> <!-- day11.testngexamples.TricentisShoppinhSite -->
