<?xml version="1.0" encoding="UTF-8"?>
<!-- Generated by org.testng.reporters.JUnitReportReporter -->
<testsuite hostname="DESKTOP-LLLGMOJ" failures="0" tests="4" name="day11.advancetestng.GroupExamples2" time="0.021" errors="0" timestamp="2025-08-02T20:21:09 IST" skipped="0">
  <testcase classname="day11.advancetestng.GroupExamples2" name="testTask" time="0.011"/>
  <testcase classname="day11.advancetestng.GroupExamples2" name="testLogin" time="0.003"/>
  <testcase classname="day11.advancetestng.GroupExamples2" name="testPIM" time="0.003"/>
  <testcase classname="day11.advancetestng.GroupExamples2" name="testLeads" time="0.004"/>
</testsuite> <!-- day11.advancetestng.GroupExamples2 -->
