<?xml version="1.0" encoding="UTF-8"?>
<!-- Generated by org.testng.reporters.JUnitReportReporter -->
<testsuite hostname="DESKTOP-LLLGMOJ" failures="0" tests="7" name="day11.testngexamples.Example7" time="0.024" errors="0" timestamp="2025-08-02T20:50:45 IST" skipped="1">
  <testcase classname="day11.testngexamples.Example7" name="login" time="0.001"/>
  <testcase classname="day11.testngexamples.Example7" name="login" time="0.003"/>
  <testcase classname="day11.testngexamples.Example7" name="login" time="0.016"/>
  <testcase classname="day11.testngexamples.Example7" name="createLead" time="0.002"/>
  <testcase classname="day11.testngexamples.Example7" name="deleteLead" time="0.001"/>
  <testcase classname="day11.testngexamples.Example7" name="logout" time="0.001"/>
  <testcase classname="day11.testngexamples.Example7" name="updateLead">
    <skipped/>
  </testcase> <!-- updateLead -->
</testsuite> <!-- day11.testngexamples.Example7 -->
