<?xml version="1.0" encoding="UTF-8"?>
<!-- Generated by org.testng.reporters.JUnitReportReporter -->
<testsuite hostname="DESKTOP-LLLGMOJ" failures="0" tests="1" name="day10.switching.Example3" time="13.239" errors="0" timestamp="2025-07-29T21:42:51 IST" skipped="0">
  <testcase classname="day10.switching.Example3" name="testJavaScriptPromptPopup" time="13.239"/>
</testsuite> <!-- day10.switching.Example3 -->
