<?xml version="1.0" encoding="UTF-8"?>
<!-- Generated by org.testng.reporters.JUnitReportReporter -->
<testsuite hostname="DESKTOP-LLLGMOJ" failures="0" tests="4" name="day11.testngexamples.Example2" time="0.007" errors="0" timestamp="2025-08-02T20:50:45 IST" skipped="0">
  <testcase classname="day11.testngexamples.Example2" name="updateLead" time="0.001"/>
  <testcase classname="day11.testngexamples.Example2" name="createLead" time="0.002"/>
  <testcase classname="day11.testngexamples.Example2" name="deleteLead" time="0.002"/>
  <testcase classname="day11.testngexamples.Example2" name="login" time="0.002"/>
</testsuite> <!-- day11.testngexamples.Example2 -->
