<?xml version="1.0" encoding="UTF-8"?>
<!-- Generated by org.testng.reporters.JUnitReportReporter -->
<testsuite hostname="DESKTOP-LLLGMOJ" failures="0" tests="1" name="day11.testngexamples.NewTest" time="0.018" errors="0" timestamp="2025-08-02T20:50:45 IST" skipped="0">
  <testcase classname="day11.testngexamples.NewTest" name="test" time="0.018"/>
</testsuite> <!-- day11.testngexamples.NewTest -->
