<?xml version="1.0" encoding="UTF-8"?>
<!-- Generated by org.testng.reporters.JUnitReportReporter -->
<testsuite hostname="DESKTOP-LLLGMOJ" failures="0" tests="3" name="day11.testngexamples.TricentisShoppinhSite" time="16.100" errors="0" timestamp="2025-08-02T20:50:45 IST" skipped="1">
  <testcase classname="day11.testngexamples.TricentisShoppinhSite" name="loginPageObjectValidateWithAssert" time="6.179"/>
  <testcase classname="day11.testngexamples.TricentisShoppinhSite" name="loginIntoTricentisValidateWithAssert" time="9.921"/>
  <testcase classname="day11.testngexamples.TricentisShoppinhSite" name="loginIntoTricentis">
    <skipped/>
  </testcase> <!-- loginIntoTricentis -->
</testsuite> <!-- day11.testngexamples.TricentisShoppinhSite -->
