<?xml version="1.0" encoding="UTF-8"?>
<!-- Generated by org.testng.reporters.JUnitReportReporter -->
<testsuite hostname="DESKTOP-LLLGMOJ" failures="0" tests="4" name="day11.advancetestng.GroupExamples" time="0.056" errors="0" timestamp="2025-08-02T20:21:09 IST" skipped="0">
  <testcase classname="day11.advancetestng.GroupExamples" name="testCaseFive" time="0.032"/>
  <testcase classname="day11.advancetestng.GroupExamples" name="testCaseOne" time="0.013"/>
  <testcase classname="day11.advancetestng.GroupExamples" name="testCaseThree" time="0.007"/>
  <testcase classname="day11.advancetestng.GroupExamples" name="testCaseFour" time="0.004"/>
</testsuite> <!-- day11.advancetestng.GroupExamples -->
