<?xml version="1.0" encoding="UTF-8"?>
<!-- Generated by org.testng.reporters.JUnitReportReporter -->
<testsuite hostname="DESKTOP-LLLGMOJ" failures="0" tests="2" name="day10.switching.Example1" time="33.917" errors="0" timestamp="2025-07-29T21:21:02 IST" skipped="0">
  <testcase classname="day10.switching.Example1" name="testLoginWithoutIdentifyingAnyElement" time="6.735"/>
  <testcase classname="day10.switching.Example1" name="testActiveElementFromApplication" time="27.182"/>
</testsuite> <!-- day10.switching.Example1 -->
