<?xml version="1.0" encoding="UTF-8"?>
<!-- Generated by org.testng.reporters.JUnitReportReporter -->
<testsuite hostname="DESKTOP-LLLGMOJ" failures="0" tests="2" name="day11.testngexamples.AnnotationsBeforeTestAfterTest" time="0.015" errors="0" timestamp="2025-07-19T08:39:32 IST" skipped="0">
  <testcase classname="day11.testngexamples.AnnotationsBeforeTestAfterTest" name="deleteLead" time="0.007"/>
  <testcase classname="day11.testngexamples.AnnotationsBeforeTestAfterTest" name="createLead" time="0.008"/>
</testsuite> <!-- day11.testngexamples.AnnotationsBeforeTestAfterTest -->
