<?xml version="1.0" encoding="UTF-8"?>
<!-- Generated by org.testng.reporters.JUnitReportReporter -->
<testsuite hostname="DESKTOP-LLLGMOJ" failures="0" tests="3" name="day11.advancetestng.DataProviderExample2" time="24.807" errors="0" timestamp="2025-08-02T20:33:17 IST" skipped="0">
  <testcase classname="day11.advancetestng.DataProviderExample2" name="testGoogleSearch" time="5.200"/>
  <testcase classname="day11.advancetestng.DataProviderExample2" name="testGoogleSearch" time="12.339"/>
  <testcase classname="day11.advancetestng.DataProviderExample2" name="testGoogleSearch" time="7.268"/>
</testsuite> <!-- day11.advancetestng.DataProviderExample2 -->
