<?xml version="1.0" encoding="UTF-8"?>
<!-- Generated by org.testng.reporters.JUnitReportReporter -->
<testsuite hostname="DESKTOP-LLLGMOJ" failures="0" tests="2" name="day11.testngexamples.Example1" time="0.029" errors="0" timestamp="2025-08-02T20:50:45 IST" skipped="0">
  <testcase classname="day11.testngexamples.Example1" name="tc1" time="0.027"/>
  <testcase classname="day11.testngexamples.Example1" name="tc2" time="0.002"/>
</testsuite> <!-- day11.testngexamples.Example1 -->
