<?xml version="1.0" encoding="UTF-8"?>
<!-- Generated by org.testng.reporters.JUnitReportReporter -->
<testsuite hostname="DESKTOP-LLLGMOJ" failures="0" tests="1" name="day11.ddt.NewTest" time="3.602" errors="0" timestamp="2025-07-31T22:01:37 IST" skipped="0">
  <testcase classname="day11.ddt.NewTest" name="testActitimeLogin" time="3.602"/>
</testsuite> <!-- day11.ddt.NewTest -->
