<?xml version="1.0" encoding="UTF-8"?>
<!-- Generated by org.testng.reporters.JUnitReportReporter -->
<testsuite hostname="DESKTOP-LLLGMOJ" failures="0" tests="6" name="day11.advancetestng.DataProviderExample" time="27.958" errors="0" timestamp="2025-08-02T20:37:17 IST" skipped="0">
  <testcase classname="day11.advancetestng.DataProviderExample" name="testLoginOfVtiger" time="9.181"/>
  <testcase classname="day11.advancetestng.DataProviderExample" name="setData" time="0.009"/>
  <testcase classname="day11.advancetestng.DataProviderExample" name="testLoginOfVtiger" time="7.889"/>
  <testcase classname="day11.advancetestng.DataProviderExample" name="setData" time="0.004"/>
  <testcase classname="day11.advancetestng.DataProviderExample" name="setData" time="0.015"/>
  <testcase classname="day11.advancetestng.DataProviderExample" name="testLoginOfVtiger" time="10.860"/>
</testsuite> <!-- day11.advancetestng.DataProviderExample -->
