<?xml version="1.0" encoding="UTF-8"?>
<!-- Generated by org.testng.reporters.JUnitReportReporter -->
<testsuite hostname="DESKTOP-LLLGMOJ" failures="0" tests="4" name="day11.testngexamples.Example2" time="0.018" errors="0" timestamp="2025-07-19T08:34:33 IST" skipped="0">
  <testcase classname="day11.testngexamples.Example2" name="updateLead" time="0.000"/>
  <testcase classname="day11.testngexamples.Example2" name="login" time="0.005"/>
  <testcase classname="day11.testngexamples.Example2" name="createLead" time="0.001"/>
  <testcase classname="day11.testngexamples.Example2" name="deleteLead" time="0.012"/>
</testsuite> <!-- day11.testngexamples.Example2 -->
