<?xml version="1.0" encoding="UTF-8"?>
<!-- Generated by org.testng.reporters.JUnitReportReporter -->
<testsuite hostname="DESKTOP-LLLGMOJ" failures="0" tests="5" name="day11.testngexamples.Example3" time="0.013" errors="0" timestamp="2025-07-19T08:34:33 IST" skipped="0">
  <testcase classname="day11.testngexamples.Example3" name="login" time="0.002"/>
  <testcase classname="day11.testngexamples.Example3" name="createLead" time="0.001"/>
  <testcase classname="day11.testngexamples.Example3" name="updateLead" time="0.004"/>
  <testcase classname="day11.testngexamples.Example3" name="deleteLead" time="0.004"/>
  <testcase classname="day11.testngexamples.Example3" name="logout" time="0.002"/>
</testsuite> <!-- day11.testngexamples.Example3 -->
