<?xml version="1.0" encoding="UTF-8"?>
<!-- Generated by org.testng.reporters.JUnitReportReporter -->
<testsuite hostname="DESKTOP-LLLGMOJ" failures="0" tests="2" name="day11.testngexamples.AnnotationsBeforeMethodtAfterMethod" time="0.051" errors="0" timestamp="2025-07-19T08:40:46 IST" skipped="0">
  <testcase classname="day11.testngexamples.AnnotationsBeforeMethodtAfterMethod" name="createLead" time="0.039"/>
  <testcase classname="day11.testngexamples.AnnotationsBeforeMethodtAfterMethod" name="deleteLead" time="0.012"/>
</testsuite> <!-- day11.testngexamples.AnnotationsBeforeMethodtAfterMethod -->
