<?xml version="1.0" encoding="UTF-8"?>
<!-- Generated by org.testng.reporters.JUnitReportReporter -->
<testsuite hostname="DESKTOP-LLLGMOJ" failures="0" tests="1" name="day11.advancetestng.Parameterization" time="0.042" errors="0" timestamp="2025-08-02T20:42:13 IST" skipped="0">
  <testcase classname="day11.advancetestng.Parameterization" name="testCaseOne" time="0.042"/>
</testsuite> <!-- day11.advancetestng.Parameterization -->
