<?xml version="1.0" encoding="UTF-8"?>
<!-- Generated by org.testng.reporters.JUnitReportReporter -->
<testsuite hostname="DESKTOP-LLLGMOJ" failures="0" tests="5" name="day11.testngexamples.Example4" time="0.023" errors="0" timestamp="2025-08-02T20:50:45 IST" skipped="1">
  <testcase classname="day11.testngexamples.Example4" name="login" time="0.003"/>
  <testcase classname="day11.testngexamples.Example4" name="createLead" time="0.001"/>
  <testcase classname="day11.testngexamples.Example4" name="deleteLead" time="0.012"/>
  <testcase classname="day11.testngexamples.Example4" name="logout" time="0.007"/>
  <testcase classname="day11.testngexamples.Example4" name="updateLead">
    <skipped/>
  </testcase> <!-- updateLead -->
</testsuite> <!-- day11.testngexamples.Example4 -->
