<?xml version="1.0" encoding="UTF-8"?>
<!-- Generated by org.testng.reporters.JUnitReportReporter -->
<testsuite hostname="DESKTOP-LLLGMOJ" failures="0" tests="1" name="day11.ddt.ExcelOperations" time="1.085" errors="0" timestamp="2025-07-31T21:52:31 IST" skipped="0">
  <testcase classname="day11.ddt.ExcelOperations" name="performOperationOnCell" time="1.085"/>
</testsuite> <!-- day11.ddt.ExcelOperations -->
