<?xml version="1.0" encoding="UTF-8"?>
<!-- Generated by org.testng.reporters.JUnitReportReporter -->
<testsuite hostname="DESKTOP-LLLGMOJ" failures="0" tests="1" name="day10.switching.Example2" time="6.282" errors="0" timestamp="2025-07-29T21:32:40 IST" skipped="0">
  <testcase classname="day10.switching.Example2" name="testFrameSwitchingWithIndex" time="6.282"/>
</testsuite> <!-- day10.switching.Example2 -->
