<?xml version="1.0" encoding="UTF-8"?>
<!-- Generated by org.testng.reporters.JUnitReportReporter -->
<testsuite hostname="DESKTOP-LLLGMOJ" failures="0" tests="3" name="testscripts_orangehrm.TestPIM" time="48.023" errors="0" timestamp="2025-08-08T21:38:06 IST" skipped="0">
  <testcase classname="testscripts_orangehrm.TestPIM" name="testPIM_Creation" time="23.206"/>
  <testcase classname="testscripts_orangehrm.TestPIM" name="testPIM_Update" time="5.474"/>
  <testcase classname="testscripts_orangehrm.TestPIM" name="testPIM_Delete" time="19.343"/>
</testsuite> <!-- testscripts_orangehrm.TestPIM -->
