<?xml version="1.0" encoding="UTF-8"?>
<!-- Generated by org.testng.reporters.JUnitReportReporter -->
<testsuite hostname="DESKTOP-LLLGMOJ" failures="0" tests="3" name="com.google.testscripts.GoogeTest" time="30.585" errors="0" timestamp="2025-08-08T21:38:06 IST" skipped="0">
  <testcase classname="com.google.testscripts.GoogeTest" name="testGoogleSuggestionCount" time="4.821"/>
  <testcase classname="com.google.testscripts.GoogeTest" name="testSuggestionSelection" time="22.070"/>
  <testcase classname="com.google.testscripts.GoogeTest" name="testGoogleSearchPage" time="3.694"/>
</testsuite> <!-- com.google.testscripts.GoogeTest -->
