<?xml version="1.0" encoding="UTF-8"?>
<!-- Generated by org.testng.reporters.JUnitReportReporter -->
<testsuite hostname="DESKTOP-LLLGMOJ" failures="0" tests="3" name="testscripts_orangehrm.TestPIM" time="49.701" errors="0" timestamp="2025-08-08T21:41:15 IST" skipped="0">
  <testcase classname="testscripts_orangehrm.TestPIM" name="testPIM_Creation" time="24.537"/>
  <testcase classname="testscripts_orangehrm.TestPIM" name="testPIM_Update" time="5.243"/>
  <testcase classname="testscripts_orangehrm.TestPIM" name="testPIM_Delete" time="19.921"/>
</testsuite> <!-- testscripts_orangehrm.TestPIM -->
