<?xml version="1.0" encoding="UTF-8"?>
<!-- Generated by org.testng.reporters.JUnitReportReporter -->
<testsuite hostname="DESKTOP-LLLGMOJ" failures="0" tests="4" name="api.testcases.TestUserFlowWithPojo" time="9.237" errors="0" timestamp="2025-08-23T08:11:07 IST" skipped="0">
  <testcase classname="api.testcases.TestUserFlowWithPojo" name="testUserCreation" time="4.739"/>
  <testcase classname="api.testcases.TestUserFlowWithPojo" name="testCreatedUser" time="1.132"/>
  <testcase classname="api.testcases.TestUserFlowWithPojo" name="testUserUpdate" time="2.182"/>
  <testcase classname="api.testcases.TestUserFlowWithPojo" name="testUserDeletion" time="1.184"/>
</testsuite> <!-- api.testcases.TestUserFlowWithPojo -->
